[debug] [2026-04-25T11:06:47.378Z] ----------------------------------------------------------------------
[debug] [2026-04-25T11:06:47.383Z] Command:       C:\Program Files\nodejs\node.exe C:\Users\abdul\AppData\Roaming\npm\node_modules\firebase-tools\lib\bin\firebase.js projects:list
[debug] [2026-04-25T11:06:47.384Z] CLI Version:   15.8.0
[debug] [2026-04-25T11:06:47.384Z] Platform:      win32
[debug] [2026-04-25T11:06:47.384Z] Node Version:  v24.14.0
[debug] [2026-04-25T11:06:47.384Z] Time:          Sat Apr 25 2026 16:06:47 GMT+0500 (Pakistan Standard Time)
[debug] [2026-04-25T11:06:47.384Z] ----------------------------------------------------------------------
[debug] 
[debug] [2026-04-25T11:06:47.712Z] > command requires scopes: ["email","openid","https://www.googleapis.com/auth/cloudplatformprojects.readonly","https://www.googleapis.com/auth/firebase","https://www.googleapis.com/auth/cloud-platform"]
[debug] [2026-04-25T11:06:47.713Z] > authorizing via signed-in user (muhammadsaad043o@gmail.com)
[debug] [2026-04-25T11:06:47.720Z] Checked if tokens are valid: false, expires at: 1775992969829
[debug] [2026-04-25T11:06:47.721Z] Checked if tokens are valid: false, expires at: 1775992969829
[debug] [2026-04-25T11:06:47.721Z] > refreshing access token with scopes: []
[debug] [2026-04-25T11:06:47.724Z] >>> [apiv2][query] POST https://www.googleapis.com/oauth2/v3/token [none]
[debug] [2026-04-25T11:06:47.724Z] >>> [apiv2][body] POST https://www.googleapis.com/oauth2/v3/token [omitted]
[debug] [2026-04-25T11:06:48.324Z] <<< [apiv2][status] POST https://www.googleapis.com/oauth2/v3/token 400
[debug] [2026-04-25T11:06:48.325Z] <<< [apiv2][body] POST https://www.googleapis.com/oauth2/v3/token [omitted]
[debug] [2026-04-25T11:06:48.325Z] >>> [apiv2][query] GET https://firebase.googleapis.com/v1beta1/projects pageSize=1000
[debug] [2026-04-25T11:06:49.693Z] <<< [apiv2][status] GET https://firebase.googleapis.com/v1beta1/projects 401
[debug] [2026-04-25T11:06:49.693Z] <<< [apiv2][body] GET https://firebase.googleapis.com/v1beta1/projects [omitted]
[debug] [2026-04-25T11:06:49.693Z] Got a 401 Unauthenticated error for a call that required authentication. Refreshing tokens.
[debug] [2026-04-25T11:06:49.693Z] Checked if tokens are valid: false, expires at: 1775992969829
[debug] [2026-04-25T11:06:49.693Z] Checked if tokens are valid: false, expires at: 1775992969829
[debug] [2026-04-25T11:06:49.694Z] > refreshing access token with scopes: []
[debug] [2026-04-25T11:06:49.694Z] >>> [apiv2][query] POST https://www.googleapis.com/oauth2/v3/token [none]
[debug] [2026-04-25T11:06:49.694Z] >>> [apiv2][body] POST https://www.googleapis.com/oauth2/v3/token [omitted]
[debug] [2026-04-25T11:06:49.956Z] <<< [apiv2][status] POST https://www.googleapis.com/oauth2/v3/token 400
[debug] [2026-04-25T11:06:49.956Z] <<< [apiv2][body] POST https://www.googleapis.com/oauth2/v3/token [omitted]
[debug] [2026-04-25T11:06:49.958Z] Request to https://firebase.googleapis.com/v1beta1/projects?pageSize=1000 had HTTP Error: 401, Request had invalid authentication credentials. Expected OAuth 2 access token, login cookie or other valid authentication credential. See https://developers.google.com/identity/sign-in/web/devconsole-project.
[debug] [2026-04-25T11:06:50.963Z] FirebaseError: Request to https://firebase.googleapis.com/v1beta1/projects?pageSize=1000 had HTTP Error: 401, Request had invalid authentication credentials. Expected OAuth 2 access token, login cookie or other valid authentication credential. See https://developers.google.com/identity/sign-in/web/devconsole-project.
    at responseToError (C:\Users\abdul\AppData\Roaming\npm\node_modules\firebase-tools\lib\responseToError.js:53:12)
    at RetryOperation._fn (C:\Users\abdul\AppData\Roaming\npm\node_modules\firebase-tools\lib\apiv2.js:330:77)
    at process.processTicksAndRejections (node:internal/process/task_queues:104:5)
[error] 
[error] Error: Failed to list Firebase projects. See firebase-debug.log for more info.
